

Started GET "/" for 127.0.0.1 at 2010-12-06 14:30:31 -0500
  [1m[36mSQL (114.0ms)[0m  [1mSHOW client_min_messages[0m
  [1m[35mSQL (12.4ms)[0m  SET client_min_messages TO 'panic'
  [1m[36mSQL (0.2ms)[0m  [1mSET standard_conforming_strings = on[0m
  [1m[35mSQL (0.2ms)[0m  SET client_min_messages TO 'notice'
  [1m[36mSQL (94.0ms)[0m  [1mSET time zone 'UTC'[0m
  [1m[35mSQL (0.2ms)[0m  SHOW TIME ZONE
  Processing by HomeController#show as HTML
Rendered home/show.html.erb within layouts/application (183.8ms)
Completed 200 OK in 220ms (Views: 218.8ms | ActiveRecord: 220.9ms)


Started GET "/netzke/netzke.css" for 127.0.0.1 at 2010-12-06 14:30:32 -0500
  Processing by NetzkeController#netzke as CSS
Rendered text template (0.0ms)
Completed 200 OK in 210ms (Views: 87.6ms | ActiveRecord: 0.0ms)


Started GET "/netzke/netzke.js" for 127.0.0.1 at 2010-12-06 14:30:33 -0500
  Processing by NetzkeController#netzke as JS
Rendered text template (0.0ms)
Completed 200 OK in 47ms (Views: 1.9ms | ActiveRecord: 0.0ms)


Started GET "/" for 127.0.0.1 at 2010-12-06 14:42:43 -0500
  Processing by HomeController#show as HTML
Rendered home/show.html.erb within layouts/application (188.0ms)
Completed   in 214ms

ActionView::Template::Error (super: no superclass method `js_panels' for AppComponent:Class):
    1: <%# title "RubyPhenex demo" %>
    2: <%= netzke :app_component %>
  app/components/app_component.rb:33:in `js_panels'
  app/components/app_component.rb:110:in `js_extend_properties'
  app/views/home/show.html.erb:2:in `_app_views_home_show_html_erb__25122370_90929800_909411326'

Rendered /home/cgoddard/.rvm/gems/ruby-1.9.2-p0/gems/actionpack-3.0.3/lib/action_dispatch/middleware/templates/rescues/_trace.erb (4.5ms)
Rendered /home/cgoddard/.rvm/gems/ruby-1.9.2-p0/gems/actionpack-3.0.3/lib/action_dispatch/middleware/templates/rescues/_request_and_response.erb (6.9ms)
Rendered /home/cgoddard/.rvm/gems/ruby-1.9.2-p0/gems/actionpack-3.0.3/lib/action_dispatch/middleware/templates/rescues/template_error.erb within rescues/layout (21.1ms)


Started GET "/" for 127.0.0.1 at 2010-12-06 14:44:10 -0500
  Processing by HomeController#show as HTML
Rendered home/show.html.erb within layouts/application (39.5ms)
Completed   in 55ms

ActionView::Template::Error (can't convert nil into Hash):
    1: <%# title "RubyPhenex demo" %>
    2: <%= netzke :app_component %>
  app/components/app_component.rb:88:in `initialize'
  app/views/home/show.html.erb:2:in `_app_views_home_show_html_erb__25122370_90124870_909411326'

Rendered /home/cgoddard/.rvm/gems/ruby-1.9.2-p0/gems/actionpack-3.0.3/lib/action_dispatch/middleware/templates/rescues/_trace.erb (2.6ms)
Rendered /home/cgoddard/.rvm/gems/ruby-1.9.2-p0/gems/actionpack-3.0.3/lib/action_dispatch/middleware/templates/rescues/_request_and_response.erb (6.9ms)
Rendered /home/cgoddard/.rvm/gems/ruby-1.9.2-p0/gems/actionpack-3.0.3/lib/action_dispatch/middleware/templates/rescues/template_error.erb within rescues/layout (15.8ms)


Started GET "/" for 127.0.0.1 at 2010-12-06 14:44:12 -0500
  Processing by HomeController#show as HTML
Rendered home/show.html.erb within layouts/application (221.4ms)
Completed   in 242ms

ActionView::Template::Error (can't convert nil into Hash):
    1: <%# title "RubyPhenex demo" %>
    2: <%= netzke :app_component %>
  app/components/app_component.rb:88:in `initialize'
  app/views/home/show.html.erb:2:in `_app_views_home_show_html_erb__25122370_87739860_909411326'

Rendered /home/cgoddard/.rvm/gems/ruby-1.9.2-p0/gems/actionpack-3.0.3/lib/action_dispatch/middleware/templates/rescues/_trace.erb (8.1ms)
Rendered /home/cgoddard/.rvm/gems/ruby-1.9.2-p0/gems/actionpack-3.0.3/lib/action_dispatch/middleware/templates/rescues/_request_and_response.erb (20.1ms)
Rendered /home/cgoddard/.rvm/gems/ruby-1.9.2-p0/gems/actionpack-3.0.3/lib/action_dispatch/middleware/templates/rescues/template_error.erb within rescues/layout (43.0ms)


Started GET "/" for 127.0.0.1 at 2010-12-06 14:45:36 -0500
  Processing by HomeController#show as HTML
Rendered home/show.html.erb within layouts/application (32.8ms)
Completed   in 41ms

ActionView::Template::Error (can't convert nil into Hash):
    1: <%# title "RubyPhenex demo" %>
    2: <%= netzke :app_component %>
  app/components/app_component.rb:88:in `initialize'
  app/views/home/show.html.erb:2:in `_app_views_home_show_html_erb__25122370_91452510_909411326'

Rendered /home/cgoddard/.rvm/gems/ruby-1.9.2-p0/gems/actionpack-3.0.3/lib/action_dispatch/middleware/templates/rescues/_trace.erb (2.3ms)
Rendered /home/cgoddard/.rvm/gems/ruby-1.9.2-p0/gems/actionpack-3.0.3/lib/action_dispatch/middleware/templates/rescues/_request_and_response.erb (6.9ms)
Rendered /home/cgoddard/.rvm/gems/ruby-1.9.2-p0/gems/actionpack-3.0.3/lib/action_dispatch/middleware/templates/rescues/template_error.erb within rescues/layout (18.2ms)


Started GET "/" for 127.0.0.1 at 2010-12-06 14:45:38 -0500
  Processing by HomeController#show as HTML
Rendered home/show.html.erb within layouts/application (107.0ms)
Completed   in 115ms

ActionView::Template::Error (can't convert nil into Hash):
    1: <%# title "RubyPhenex demo" %>
    2: <%= netzke :app_component %>
  app/components/app_component.rb:88:in `initialize'
  app/views/home/show.html.erb:2:in `_app_views_home_show_html_erb__25122370_88298830_909411326'

Rendered /home/cgoddard/.rvm/gems/ruby-1.9.2-p0/gems/actionpack-3.0.3/lib/action_dispatch/middleware/templates/rescues/_trace.erb (2.4ms)
Rendered /home/cgoddard/.rvm/gems/ruby-1.9.2-p0/gems/actionpack-3.0.3/lib/action_dispatch/middleware/templates/rescues/_request_and_response.erb (7.1ms)
Rendered /home/cgoddard/.rvm/gems/ruby-1.9.2-p0/gems/actionpack-3.0.3/lib/action_dispatch/middleware/templates/rescues/template_error.erb within rescues/layout (22.9ms)


Started GET "/" for 127.0.0.1 at 2010-12-06 14:45:39 -0500
  Processing by HomeController#show as HTML
Rendered home/show.html.erb within layouts/application (32.7ms)
Completed   in 41ms

ActionView::Template::Error (can't convert nil into Hash):
    1: <%# title "RubyPhenex demo" %>
    2: <%= netzke :app_component %>
  app/components/app_component.rb:88:in `initialize'
  app/views/home/show.html.erb:2:in `_app_views_home_show_html_erb__25122370_91623970_909411326'

Rendered /home/cgoddard/.rvm/gems/ruby-1.9.2-p0/gems/actionpack-3.0.3/lib/action_dispatch/middleware/templates/rescues/_trace.erb (5.2ms)
Rendered /home/cgoddard/.rvm/gems/ruby-1.9.2-p0/gems/actionpack-3.0.3/lib/action_dispatch/middleware/templates/rescues/_request_and_response.erb (6.4ms)
Rendered /home/cgoddard/.rvm/gems/ruby-1.9.2-p0/gems/actionpack-3.0.3/lib/action_dispatch/middleware/templates/rescues/template_error.erb within rescues/layout (18.3ms)


Started GET "/" for 127.0.0.1 at 2010-12-06 14:45:52 -0500
  Processing by HomeController#show as HTML
Rendered home/show.html.erb within layouts/application (30.7ms)
Completed   in 40ms

ActionView::Template::Error (can't convert Array into Hash):
    1: <%# title "RubyPhenex demo" %>
    2: <%= netzke :app_component %>
  app/components/app_component.rb:84:in `initialize'
  app/views/home/show.html.erb:2:in `_app_views_home_show_html_erb__25122370_88572610_909411326'

Rendered /home/cgoddard/.rvm/gems/ruby-1.9.2-p0/gems/actionpack-3.0.3/lib/action_dispatch/middleware/templates/rescues/_trace.erb (2.5ms)
Rendered /home/cgoddard/.rvm/gems/ruby-1.9.2-p0/gems/actionpack-3.0.3/lib/action_dispatch/middleware/templates/rescues/_request_and_response.erb (19.2ms)
Rendered /home/cgoddard/.rvm/gems/ruby-1.9.2-p0/gems/actionpack-3.0.3/lib/action_dispatch/middleware/templates/rescues/template_error.erb within rescues/layout (101.6ms)


Started GET "/" for 127.0.0.1 at 2010-12-06 14:45:52 -0500
  Processing by HomeController#show as HTML
Rendered home/show.html.erb within layouts/application (31.2ms)
Completed   in 43ms

ActionView::Template::Error (can't convert Array into Hash):
    1: <%# title "RubyPhenex demo" %>
    2: <%= netzke :app_component %>
  app/components/app_component.rb:84:in `initialize'
  app/views/home/show.html.erb:2:in `_app_views_home_show_html_erb__25122370_90429460_909411326'

Rendered /home/cgoddard/.rvm/gems/ruby-1.9.2-p0/gems/actionpack-3.0.3/lib/action_dispatch/middleware/templates/rescues/_trace.erb (2.4ms)
Rendered /home/cgoddard/.rvm/gems/ruby-1.9.2-p0/gems/actionpack-3.0.3/lib/action_dispatch/middleware/templates/rescues/_request_and_response.erb (6.5ms)
Rendered /home/cgoddard/.rvm/gems/ruby-1.9.2-p0/gems/actionpack-3.0.3/lib/action_dispatch/middleware/templates/rescues/template_error.erb within rescues/layout (15.6ms)


Started GET "/" for 127.0.0.1 at 2010-12-06 14:49:07 -0500
  Processing by HomeController#show as HTML
Rendered home/show.html.erb within layouts/application (31.6ms)
Completed   in 40ms

ActionView::Template::Error (undefined local variable or method `menu' for AppComponent:Class):
    1: <%# title "RubyPhenex demo" %>
    2: <%= netzke :app_component %>
  app/components/app_component.rb:44:in `js_panels'
  app/components/app_component.rb:107:in `js_extend_properties'
  app/views/home/show.html.erb:2:in `_app_views_home_show_html_erb__25122370_90338890_909411326'

Rendered /home/cgoddard/.rvm/gems/ruby-1.9.2-p0/gems/actionpack-3.0.3/lib/action_dispatch/middleware/templates/rescues/_trace.erb (2.5ms)
Rendered /home/cgoddard/.rvm/gems/ruby-1.9.2-p0/gems/actionpack-3.0.3/lib/action_dispatch/middleware/templates/rescues/_request_and_response.erb (77.5ms)
Rendered /home/cgoddard/.rvm/gems/ruby-1.9.2-p0/gems/actionpack-3.0.3/lib/action_dispatch/middleware/templates/rescues/template_error.erb within rescues/layout (89.8ms)


Started GET "/" for 127.0.0.1 at 2010-12-06 14:49:08 -0500
  Processing by HomeController#show as HTML
Rendered home/show.html.erb within layouts/application (42.5ms)
Completed   in 51ms

ActionView::Template::Error (undefined local variable or method `menu' for AppComponent:Class):
    1: <%# title "RubyPhenex demo" %>
    2: <%= netzke :app_component %>
  app/components/app_component.rb:44:in `js_panels'
  app/components/app_component.rb:107:in `js_extend_properties'
  app/views/home/show.html.erb:2:in `_app_views_home_show_html_erb__25122370_90561030_909411326'

Rendered /home/cgoddard/.rvm/gems/ruby-1.9.2-p0/gems/actionpack-3.0.3/lib/action_dispatch/middleware/templates/rescues/_trace.erb (2.4ms)
Rendered /home/cgoddard/.rvm/gems/ruby-1.9.2-p0/gems/actionpack-3.0.3/lib/action_dispatch/middleware/templates/rescues/_request_and_response.erb (8.2ms)
Rendered /home/cgoddard/.rvm/gems/ruby-1.9.2-p0/gems/actionpack-3.0.3/lib/action_dispatch/middleware/templates/rescues/template_error.erb within rescues/layout (18.1ms)


Started GET "/" for 127.0.0.1 at 2010-12-06 14:49:50 -0500
  Processing by HomeController#show as HTML
Rendered home/show.html.erb within layouts/application (68.5ms)
Completed   in 84ms

ActionView::Template::Error (undefined local variable or method `menu' for AppComponent:Class):
    1: <%# title "RubyPhenex demo" %>
    2: <%= netzke :app_component %>
  app/components/app_component.rb:51:in `js_panels'
  app/components/app_component.rb:109:in `js_extend_properties'
  app/views/home/show.html.erb:2:in `_app_views_home_show_html_erb__25122370_90251190_909411326'

Rendered /home/cgoddard/.rvm/gems/ruby-1.9.2-p0/gems/actionpack-3.0.3/lib/action_dispatch/middleware/templates/rescues/_trace.erb (10.1ms)
Rendered /home/cgoddard/.rvm/gems/ruby-1.9.2-p0/gems/actionpack-3.0.3/lib/action_dispatch/middleware/templates/rescues/_request_and_response.erb (14.9ms)
Rendered /home/cgoddard/.rvm/gems/ruby-1.9.2-p0/gems/actionpack-3.0.3/lib/action_dispatch/middleware/templates/rescues/template_error.erb within rescues/layout (37.5ms)


Started GET "/" for 127.0.0.1 at 2010-12-06 14:49:51 -0500
  Processing by HomeController#show as HTML
Rendered home/show.html.erb within layouts/application (71.2ms)
Completed   in 88ms

ActionView::Template::Error (undefined local variable or method `menu' for AppComponent:Class):
    1: <%# title "RubyPhenex demo" %>
    2: <%= netzke :app_component %>
  app/components/app_component.rb:51:in `js_panels'
  app/components/app_component.rb:109:in `js_extend_properties'
  app/views/home/show.html.erb:2:in `_app_views_home_show_html_erb__25122370_88935740_909411326'

Rendered /home/cgoddard/.rvm/gems/ruby-1.9.2-p0/gems/actionpack-3.0.3/lib/action_dispatch/middleware/templates/rescues/_trace.erb (2.4ms)
Rendered /home/cgoddard/.rvm/gems/ruby-1.9.2-p0/gems/actionpack-3.0.3/lib/action_dispatch/middleware/templates/rescues/_request_and_response.erb (9.3ms)
Rendered /home/cgoddard/.rvm/gems/ruby-1.9.2-p0/gems/actionpack-3.0.3/lib/action_dispatch/middleware/templates/rescues/template_error.erb within rescues/layout (21.6ms)


Started GET "/" for 127.0.0.1 at 2010-12-06 14:51:38 -0500
  Processing by HomeController#show as HTML
Rendered home/show.html.erb within layouts/application (30.5ms)
Completed   in 45ms

ActionView::Template::Error (can't convert Array into Hash):
    1: <%# title "RubyPhenex demo" %>
    2: <%= netzke :app_component %>
  app/components/app_component.rb:86:in `initialize'
  app/views/home/show.html.erb:2:in `_app_views_home_show_html_erb__25122370_90759480_909411326'

Rendered /home/cgoddard/.rvm/gems/ruby-1.9.2-p0/gems/actionpack-3.0.3/lib/action_dispatch/middleware/templates/rescues/_trace.erb (3.7ms)
Rendered /home/cgoddard/.rvm/gems/ruby-1.9.2-p0/gems/actionpack-3.0.3/lib/action_dispatch/middleware/templates/rescues/_request_and_response.erb (6.8ms)
Rendered /home/cgoddard/.rvm/gems/ruby-1.9.2-p0/gems/actionpack-3.0.3/lib/action_dispatch/middleware/templates/rescues/template_error.erb within rescues/layout (19.2ms)


Started GET "/" for 127.0.0.1 at 2010-12-06 14:56:51 -0500
  Processing by HomeController#show as HTML
Rendered home/show.html.erb within layouts/application (89.2ms)
Completed 200 OK in 101ms (Views: 97.8ms | ActiveRecord: 0.0ms)


Started GET "/netzke/netzke.js" for 127.0.0.1 at 2010-12-06 14:56:51 -0500
  Processing by NetzkeController#netzke as JS
Rendered text template (0.0ms)
Completed 200 OK in 39ms (Views: 2.6ms | ActiveRecord: 0.0ms)


Started GET "/netzke/netzke.css" for 127.0.0.1 at 2010-12-06 14:56:51 -0500
  Processing by NetzkeController#netzke as CSS
Rendered text template (0.0ms)
Completed 200 OK in 28ms (Views: 2.0ms | ActiveRecord: 0.0ms)


Started GET "/images/header-deco.gif" for 127.0.0.1 at 2010-12-06 14:56:52 -0500

ActionController::RoutingError (No route matches "/images/header-deco.gif"):
  

Rendered /home/cgoddard/.rvm/gems/ruby-1.9.2-p0/gems/actionpack-3.0.3/lib/action_dispatch/middleware/templates/rescues/routing_error.erb within rescues/layout (3.4ms)


Started GET "/" for 127.0.0.1 at 2010-12-06 14:57:28 -0500
  Processing by HomeController#show as HTML
Rendered home/show.html.erb within layouts/application (50.8ms)
Completed 200 OK in 64ms (Views: 60.7ms | ActiveRecord: 0.0ms)


Started GET "/netzke/netzke.css" for 127.0.0.1 at 2010-12-06 14:57:29 -0500
  Processing by NetzkeController#netzke as CSS
Rendered text template (1.2ms)
Completed 200 OK in 7ms (Views: 3.5ms | ActiveRecord: 0.0ms)


Started GET "/netzke/netzke.js" for 127.0.0.1 at 2010-12-06 14:57:29 -0500
  Processing by NetzkeController#netzke as JS
Rendered text template (0.0ms)
Completed 200 OK in 13ms (Views: 1.5ms | ActiveRecord: 0.0ms)


Started GET "/images/header-deco.gif" for 127.0.0.1 at 2010-12-06 14:57:30 -0500

ActionController::RoutingError (No route matches "/images/header-deco.gif"):
  

Rendered /home/cgoddard/.rvm/gems/ruby-1.9.2-p0/gems/actionpack-3.0.3/lib/action_dispatch/middleware/templates/rescues/routing_error.erb within rescues/layout (3.3ms)


Started GET "/" for 127.0.0.1 at 2010-12-06 14:58:33 -0500
  Processing by HomeController#show as HTML
Rendered home/show.html.erb within layouts/application (57.5ms)
Completed 200 OK in 66ms (Views: 65.2ms | ActiveRecord: 0.0ms)


Started GET "/netzke/netzke.js" for 127.0.0.1 at 2010-12-06 14:58:33 -0500
  Processing by NetzkeController#netzke as JS
Rendered text template (0.0ms)
Completed 200 OK in 9ms (Views: 1.8ms | ActiveRecord: 0.0ms)


Started GET "/netzke/netzke.css" for 127.0.0.1 at 2010-12-06 14:58:34 -0500
  Processing by NetzkeController#netzke as CSS
Rendered text template (0.0ms)
Completed 200 OK in 3ms (Views: 1.7ms | ActiveRecord: 0.0ms)


Started GET "/images/header-deco.gif" for 127.0.0.1 at 2010-12-06 14:58:34 -0500

ActionController::RoutingError (No route matches "/images/header-deco.gif"):
  

Rendered /home/cgoddard/.rvm/gems/ruby-1.9.2-p0/gems/actionpack-3.0.3/lib/action_dispatch/middleware/templates/rescues/routing_error.erb within rescues/layout (1.9ms)


Started GET "/" for 127.0.0.1 at 2010-12-06 14:59:36 -0500
  Processing by HomeController#show as HTML
Rendered home/show.html.erb within layouts/application (49.6ms)
Completed 200 OK in 61ms (Views: 59.9ms | ActiveRecord: 0.0ms)


Started GET "/netzke/netzke.js" for 127.0.0.1 at 2010-12-06 14:59:37 -0500
  Processing by NetzkeController#netzke as JS
Rendered text template (0.0ms)
Completed 200 OK in 14ms (Views: 6.4ms | ActiveRecord: 0.0ms)


Started GET "/netzke/netzke.css" for 127.0.0.1 at 2010-12-06 14:59:37 -0500
  Processing by NetzkeController#netzke as CSS
Rendered text template (0.0ms)
Completed 200 OK in 3ms (Views: 1.5ms | ActiveRecord: 0.0ms)


Started GET "/netzke/netzke.js" for 127.0.0.1 at 2010-12-06 14:59:37 -0500
  Processing by NetzkeController#netzke as JS
Rendered text template (0.0ms)
Completed 200 OK in 3ms (Views: 1.5ms | ActiveRecord: 0.0ms)


Started GET "/images/header-deco.gif" for 127.0.0.1 at 2010-12-06 14:59:37 -0500

ActionController::RoutingError (No route matches "/images/header-deco.gif"):
  

Rendered /home/cgoddard/.rvm/gems/ruby-1.9.2-p0/gems/actionpack-3.0.3/lib/action_dispatch/middleware/templates/rescues/routing_error.erb within rescues/layout (6.7ms)


Started GET "/" for 127.0.0.1 at 2010-12-06 15:03:05 -0500
  Processing by HomeController#show as HTML
Rendered home/show.html.erb within layouts/application (77.0ms)
Completed 200 OK in 94ms (Views: 93.0ms | ActiveRecord: 0.0ms)


Started GET "/netzke/netzke.js" for 127.0.0.1 at 2010-12-06 15:03:05 -0500
  Processing by NetzkeController#netzke as JS
Rendered text template (0.0ms)
Completed 200 OK in 8ms (Views: 1.5ms | ActiveRecord: 0.0ms)


Started GET "/netzke/netzke.css" for 127.0.0.1 at 2010-12-06 15:03:05 -0500
  Processing by NetzkeController#netzke as CSS
Rendered text template (0.0ms)
Completed 200 OK in 3ms (Views: 1.5ms | ActiveRecord: 0.0ms)


Started GET "/images/header-deco.gif" for 127.0.0.1 at 2010-12-06 15:03:06 -0500

ActionController::RoutingError (No route matches "/images/header-deco.gif"):
  

Rendered /home/cgoddard/.rvm/gems/ruby-1.9.2-p0/gems/actionpack-3.0.3/lib/action_dispatch/middleware/templates/rescues/routing_error.erb within rescues/layout (2.0ms)


Started GET "/" for 127.0.0.1 at 2010-12-06 15:05:09 -0500
  Processing by HomeController#show as HTML
Rendered home/show.html.erb within layouts/application (65.0ms)
Completed 200 OK in 76ms (Views: 72.9ms | ActiveRecord: 0.0ms)


Started GET "/netzke/netzke.css" for 127.0.0.1 at 2010-12-06 15:05:10 -0500
  Processing by NetzkeController#netzke as CSS
Rendered text template (0.0ms)
Completed 200 OK in 3ms (Views: 1.3ms | ActiveRecord: 0.0ms)


Started GET "/netzke/netzke.js" for 127.0.0.1 at 2010-12-06 15:05:10 -0500
  Processing by NetzkeController#netzke as JS
Rendered text template (0.0ms)
Completed 200 OK in 6ms (Views: 3.6ms | ActiveRecord: 0.0ms)


Started GET "/images/header-deco.gif" for 127.0.0.1 at 2010-12-06 15:05:10 -0500

ActionController::RoutingError (No route matches "/images/header-deco.gif"):
  

Rendered /home/cgoddard/.rvm/gems/ruby-1.9.2-p0/gems/actionpack-3.0.3/lib/action_dispatch/middleware/templates/rescues/routing_error.erb within rescues/layout (2.6ms)


Started GET "/" for 127.0.0.1 at 2010-12-06 15:10:16 -0500
  Processing by HomeController#show as HTML
Rendered home/show.html.erb within layouts/application (58.9ms)
Completed 200 OK in 71ms (Views: 69.3ms | ActiveRecord: 0.0ms)


Started GET "/netzke/netzke.css" for 127.0.0.1 at 2010-12-06 15:10:16 -0500
  Processing by NetzkeController#netzke as CSS
Rendered text template (0.0ms)
Completed 200 OK in 7ms (Views: 5.1ms | ActiveRecord: 0.0ms)


Started GET "/netzke/netzke.js" for 127.0.0.1 at 2010-12-06 15:10:16 -0500
  Processing by NetzkeController#netzke as JS
Rendered text template (0.0ms)
Completed 200 OK in 13ms (Views: 5.5ms | ActiveRecord: 0.0ms)


Started GET "/images/header-deco.gif" for 127.0.0.1 at 2010-12-06 15:10:17 -0500

ActionController::RoutingError (No route matches "/images/header-deco.gif"):
  

Rendered /home/cgoddard/.rvm/gems/ruby-1.9.2-p0/gems/actionpack-3.0.3/lib/action_dispatch/middleware/templates/rescues/routing_error.erb within rescues/layout (1.9ms)


Started GET "/" for 127.0.0.1 at 2010-12-06 15:28:50 -0500
  [1m[36mSQL (0.6ms)[0m  [1mSHOW client_min_messages[0m
  [1m[35mSQL (0.2ms)[0m  SET client_min_messages TO 'panic'
  [1m[36mSQL (0.2ms)[0m  [1mSET standard_conforming_strings = on[0m
  [1m[35mSQL (0.2ms)[0m  SET client_min_messages TO 'notice'
  [1m[36mSQL (31.5ms)[0m  [1mSET time zone 'UTC'[0m
  [1m[35mSQL (5.7ms)[0m  SHOW TIME ZONE
  Processing by HomeController#show as HTML
Rendered home/show.html.erb within layouts/application (53.3ms)
Completed 200 OK in 62ms (Views: 61.2ms | ActiveRecord: 38.4ms)


Started GET "/netzke/netzke.js" for 127.0.0.1 at 2010-12-06 15:28:50 -0500
  Processing by NetzkeController#netzke as JS
Rendered text template (0.0ms)
Completed 200 OK in 61ms (Views: 59.6ms | ActiveRecord: 0.0ms)


Started GET "/netzke/netzke.css" for 127.0.0.1 at 2010-12-06 15:28:51 -0500
  Processing by NetzkeController#netzke as CSS
Rendered text template (0.0ms)
Completed 200 OK in 3ms (Views: 1.4ms | ActiveRecord: 0.0ms)


Started GET "/netzke/netzke.js" for 127.0.0.1 at 2010-12-06 15:28:51 -0500
  Processing by NetzkeController#netzke as JS
Rendered text template (0.0ms)
Completed 200 OK in 4ms (Views: 1.8ms | ActiveRecord: 0.0ms)


Started GET "/" for 127.0.0.1 at 2010-12-06 15:30:27 -0500
  Processing by HomeController#show as HTML
Rendered home/show.html.erb within layouts/application (54.7ms)
Completed 200 OK in 64ms (Views: 62.9ms | ActiveRecord: 0.0ms)


Started GET "/netzke/netzke.css" for 127.0.0.1 at 2010-12-06 15:30:27 -0500
  Processing by NetzkeController#netzke as CSS
Rendered text template (0.0ms)
Completed 200 OK in 3ms (Views: 1.5ms | ActiveRecord: 0.0ms)


Started GET "/netzke/netzke.js" for 127.0.0.1 at 2010-12-06 15:30:27 -0500
  Processing by NetzkeController#netzke as JS
Rendered text template (0.0ms)
Completed 200 OK in 15ms (Views: 1.5ms | ActiveRecord: 0.0ms)


Started GET "/" for 127.0.0.1 at 2010-12-06 15:42:33 -0500
  Processing by HomeController#show as HTML
Rendered home/show.html.erb within layouts/application (114.1ms)
Completed 200 OK in 125ms (Views: 123.9ms | ActiveRecord: 0.0ms)


Started GET "/netzke/netzke.js" for 127.0.0.1 at 2010-12-06 15:42:33 -0500
  Processing by NetzkeController#netzke as JS
Rendered text template (0.0ms)
Completed 200 OK in 8ms (Views: 6.7ms | ActiveRecord: 0.0ms)


Started GET "/netzke/netzke.css" for 127.0.0.1 at 2010-12-06 15:42:33 -0500
  Processing by NetzkeController#netzke as CSS
Rendered text template (0.0ms)
Completed 200 OK in 3ms (Views: 1.3ms | ActiveRecord: 0.0ms)


Started GET "/" for 127.0.0.1 at 2010-12-06 15:43:36 -0500
  Processing by HomeController#show as HTML
Rendered home/show.html.erb within layouts/application (54.8ms)
Completed 200 OK in 68ms (Views: 67.1ms | ActiveRecord: 0.0ms)


Started GET "/netzke/netzke.css" for 127.0.0.1 at 2010-12-06 15:43:36 -0500
  Processing by NetzkeController#netzke as CSS
Rendered text template (0.0ms)
Completed 200 OK in 3ms (Views: 1.9ms | ActiveRecord: 0.0ms)


Started GET "/netzke/netzke.js" for 127.0.0.1 at 2010-12-06 15:43:36 -0500
  Processing by NetzkeController#netzke as JS
Rendered text template (0.0ms)
Completed 200 OK in 5ms (Views: 3.4ms | ActiveRecord: 0.0ms)


Started GET "/" for 127.0.0.1 at 2010-12-06 15:43:41 -0500
  Processing by HomeController#show as HTML
Rendered home/show.html.erb within layouts/application (55.6ms)
Completed 200 OK in 68ms (Views: 67.3ms | ActiveRecord: 0.0ms)


Started GET "/netzke/netzke.css" for 127.0.0.1 at 2010-12-06 15:43:42 -0500
  Processing by NetzkeController#netzke as CSS
Rendered text template (0.0ms)
Completed 200 OK in 9ms (Views: 1.4ms | ActiveRecord: 0.0ms)


Started GET "/netzke/netzke.js" for 127.0.0.1 at 2010-12-06 15:43:42 -0500
  Processing by NetzkeController#netzke as JS
Rendered text template (0.0ms)
Completed 200 OK in 3ms (Views: 1.7ms | ActiveRecord: 0.0ms)


Started GET "/" for 127.0.0.1 at 2010-12-06 15:43:48 -0500
  Processing by HomeController#show as HTML
Rendered home/show.html.erb within layouts/application (60.9ms)
Completed 200 OK in 70ms (Views: 69.4ms | ActiveRecord: 0.0ms)


Started GET "/netzke/netzke.css" for 127.0.0.1 at 2010-12-06 15:43:48 -0500
  Processing by NetzkeController#netzke as CSS
Rendered text template (0.0ms)
Completed 200 OK in 8ms (Views: 1.5ms | ActiveRecord: 0.0ms)


Started GET "/netzke/netzke.js" for 127.0.0.1 at 2010-12-06 15:43:48 -0500
  Processing by NetzkeController#netzke as JS
Rendered text template (0.0ms)
Completed 200 OK in 9ms (Views: 3.5ms | ActiveRecord: 0.0ms)


Started GET "/" for 127.0.0.1 at 2010-12-06 15:44:00 -0500
  Processing by HomeController#show as HTML
Rendered home/show.html.erb within layouts/application (61.6ms)
Completed 200 OK in 71ms (Views: 69.7ms | ActiveRecord: 0.0ms)


Started GET "/netzke/netzke.css" for 127.0.0.1 at 2010-12-06 15:44:01 -0500
  Processing by NetzkeController#netzke as CSS
Rendered text template (0.0ms)
Completed 200 OK in 3ms (Views: 1.4ms | ActiveRecord: 0.0ms)


Started GET "/netzke/netzke.js" for 127.0.0.1 at 2010-12-06 15:44:01 -0500
  Processing by NetzkeController#netzke as JS
Rendered text template (0.0ms)
Completed 200 OK in 4ms (Views: 3.0ms | ActiveRecord: 0.0ms)


Started GET "/" for 127.0.0.1 at 2010-12-06 15:45:23 -0500
  Processing by HomeController#show as HTML
Rendered home/show.html.erb within layouts/application (181.7ms)
Completed   in 196ms

ActionView::Template::Error (undefined local variable or method `common_menu' for #<AppComponent:0xb28ea64>):
    1: <%# title "RubyPhenex demo" %>
    2: <%= netzke :app_component %>
  app/components/app_component.rb:26:in `menu'
  app/components/app_component.rb:62:in `block in <class:AppComponent>'
  app/components/app_component.rb:99:in `initialize'
  app/views/home/show.html.erb:2:in `_app_views_home_show_html_erb___1033567519_94102520_707589764'

Rendered /home/cgoddard/.rvm/gems/ruby-1.9.2-p0/gems/actionpack-3.0.3/lib/action_dispatch/middleware/templates/rescues/_trace.erb (2.8ms)
Rendered /home/cgoddard/.rvm/gems/ruby-1.9.2-p0/gems/actionpack-3.0.3/lib/action_dispatch/middleware/templates/rescues/_request_and_response.erb (8.0ms)
Rendered /home/cgoddard/.rvm/gems/ruby-1.9.2-p0/gems/actionpack-3.0.3/lib/action_dispatch/middleware/templates/rescues/template_error.erb within rescues/layout (17.5ms)


Started GET "/" for 127.0.0.1 at 2010-12-06 15:45:30 -0500
  Processing by HomeController#show as HTML
Rendered home/show.html.erb within layouts/application (175.0ms)
Completed 200 OK in 193ms (Views: 190.5ms | ActiveRecord: 0.0ms)


Started GET "/netzke/netzke.js" for 127.0.0.1 at 2010-12-06 15:45:31 -0500
  Processing by NetzkeController#netzke as JS
Rendered text template (0.0ms)
Completed 200 OK in 3ms (Views: 1.5ms | ActiveRecord: 0.0ms)


Started GET "/netzke/netzke.css" for 127.0.0.1 at 2010-12-06 15:45:31 -0500
  Processing by NetzkeController#netzke as CSS
Rendered text template (0.0ms)
Completed 200 OK in 4ms (Views: 1.5ms | ActiveRecord: 0.0ms)


Started GET "/" for 127.0.0.1 at 2010-12-06 15:46:42 -0500
  Processing by HomeController#show as HTML
Rendered home/show.html.erb within layouts/application (60.3ms)
Completed 200 OK in 69ms (Views: 68.1ms | ActiveRecord: 0.0ms)


Started GET "/netzke/netzke.css" for 127.0.0.1 at 2010-12-06 15:46:42 -0500
  Processing by NetzkeController#netzke as CSS
Rendered text template (0.0ms)
Completed 200 OK in 8ms (Views: 1.8ms | ActiveRecord: 0.0ms)


Started GET "/netzke/netzke.js" for 127.0.0.1 at 2010-12-06 15:46:42 -0500
  Processing by NetzkeController#netzke as JS
Rendered text template (0.0ms)
Completed 200 OK in 13ms (Views: 9.2ms | ActiveRecord: 0.0ms)


Started GET "/" for 127.0.0.1 at 2010-12-06 15:47:02 -0500
  Processing by HomeController#show as HTML
Rendered home/show.html.erb within layouts/application (132.0ms)
Completed 200 OK in 147ms (Views: 145.9ms | ActiveRecord: 0.0ms)


Started GET "/netzke/netzke.js" for 127.0.0.1 at 2010-12-06 15:47:02 -0500
  Processing by NetzkeController#netzke as JS
Rendered text template (0.0ms)
Completed 200 OK in 6ms (Views: 4.0ms | ActiveRecord: 0.0ms)


Started GET "/netzke/netzke.css" for 127.0.0.1 at 2010-12-06 15:47:03 -0500
  Processing by NetzkeController#netzke as CSS
Rendered text template (0.0ms)
Completed 200 OK in 7ms (Views: 1.5ms | ActiveRecord: 0.0ms)


Started GET "/" for 127.0.0.1 at 2010-12-06 15:47:09 -0500
  Processing by HomeController#show as HTML
Rendered home/show.html.erb within layouts/application (64.5ms)
Completed 200 OK in 73ms (Views: 72.4ms | ActiveRecord: 0.0ms)


Started GET "/netzke/netzke.css" for 127.0.0.1 at 2010-12-06 15:47:09 -0500
  Processing by NetzkeController#netzke as CSS
Rendered text template (0.0ms)
Completed 200 OK in 8ms (Views: 1.6ms | ActiveRecord: 0.0ms)


Started GET "/netzke/netzke.js" for 127.0.0.1 at 2010-12-06 15:47:09 -0500
  Processing by NetzkeController#netzke as JS
Rendered text template (0.0ms)
Completed 200 OK in 105ms (Views: 5.6ms | ActiveRecord: 0.0ms)


Started GET "/" for 127.0.0.1 at 2010-12-06 15:48:07 -0500
  Processing by HomeController#show as HTML
Rendered home/show.html.erb within layouts/application (151570.7ms)
Completed 200 OK in 151590ms (Views: 151587.6ms | ActiveRecord: 0.0ms)


Started GET "/" for 127.0.0.1 at 2010-12-06 15:50:39 -0500
  Processing by HomeController#show as HTML
Rendered home/show.html.erb within layouts/application (60.3ms)
Completed 200 OK in 69ms (Views: 68.1ms | ActiveRecord: 0.0ms)


Started GET "/netzke/netzke.js" for 127.0.0.1 at 2010-12-06 15:50:39 -0500
  Processing by NetzkeController#netzke as JS
Rendered text template (0.0ms)
Completed 200 OK in 17ms (Views: 1.5ms | ActiveRecord: 0.0ms)


Started GET "/netzke/netzke.css" for 127.0.0.1 at 2010-12-06 15:50:39 -0500
  Processing by NetzkeController#netzke as CSS
Rendered text template (0.0ms)
Completed 200 OK in 5ms (Views: 1.6ms | ActiveRecord: 0.0ms)


Started GET "/" for 127.0.0.1 at 2010-12-06 15:50:46 -0500
  Processing by HomeController#show as HTML
Rendered home/show.html.erb within layouts/application (64.9ms)
Completed 200 OK in 75ms (Views: 74.0ms | ActiveRecord: 0.0ms)


Started GET "/netzke/netzke.css" for 127.0.0.1 at 2010-12-06 15:50:47 -0500
  Processing by NetzkeController#netzke as CSS
Rendered text template (0.0ms)
Completed 200 OK in 3ms (Views: 1.8ms | ActiveRecord: 0.0ms)


Started GET "/netzke/netzke.js" for 127.0.0.1 at 2010-12-06 15:50:47 -0500
  Processing by NetzkeController#netzke as JS
Rendered text template (0.0ms)
Completed 200 OK in 3ms (Views: 1.5ms | ActiveRecord: 0.0ms)


Started GET "/" for 127.0.0.1 at 2010-12-06 15:55:24 -0500
  Processing by HomeController#show as HTML
Rendered home/show.html.erb within layouts/application (56.0ms)
Completed 200 OK in 64ms (Views: 63.4ms | ActiveRecord: 0.0ms)


Started GET "/netzke/netzke.css" for 127.0.0.1 at 2010-12-06 15:55:24 -0500
  Processing by NetzkeController#netzke as CSS
Rendered text template (0.0ms)
Completed 200 OK in 3ms (Views: 1.7ms | ActiveRecord: 0.0ms)


Started GET "/netzke/netzke.js" for 127.0.0.1 at 2010-12-06 15:55:25 -0500
  Processing by NetzkeController#netzke as JS
Rendered text template (0.0ms)
Completed 200 OK in 9ms (Views: 1.4ms | ActiveRecord: 0.0ms)


Started GET "/" for 127.0.0.1 at 2010-12-06 16:13:12 -0500
  Processing by HomeController#show as HTML
Rendered home/show.html.erb within layouts/application (53.9ms)
Completed 200 OK in 70ms (Views: 63.1ms | ActiveRecord: 0.0ms)


Started GET "/netzke/netzke.js" for 127.0.0.1 at 2010-12-06 16:13:13 -0500
  Processing by NetzkeController#netzke as JS
Rendered text template (4.1ms)
Completed 200 OK in 7ms (Views: 5.6ms | ActiveRecord: 0.0ms)


Started GET "/netzke/netzke.css" for 127.0.0.1 at 2010-12-06 16:13:13 -0500
  Processing by NetzkeController#netzke as CSS
Rendered text template (0.0ms)
Completed 200 OK in 5ms (Views: 4.2ms | ActiveRecord: 0.0ms)


Started GET "/" for 127.0.0.1 at 2010-12-06 16:13:46 -0500
  Processing by HomeController#show as HTML
Rendered home/show.html.erb within layouts/application (84.2ms)
Completed 200 OK in 99ms (Views: 98.4ms | ActiveRecord: 0.0ms)


Started GET "/netzke/netzke.css" for 127.0.0.1 at 2010-12-06 16:13:47 -0500
  Processing by NetzkeController#netzke as CSS
Rendered text template (0.0ms)
Completed 200 OK in 11ms (Views: 5.6ms | ActiveRecord: 0.0ms)


Started GET "/netzke/netzke.js" for 127.0.0.1 at 2010-12-06 16:13:47 -0500
  Processing by NetzkeController#netzke as JS
Rendered text template (0.0ms)
Completed 200 OK in 3ms (Views: 1.3ms | ActiveRecord: 0.0ms)


Started GET "/" for 127.0.0.1 at 2010-12-06 16:15:10 -0500
  Processing by HomeController#show as HTML
Rendered home/show.html.erb within layouts/application (134.9ms)
Completed 200 OK in 143ms (Views: 142.1ms | ActiveRecord: 0.0ms)


Started GET "/netzke/netzke.css" for 127.0.0.1 at 2010-12-06 16:15:10 -0500
  Processing by NetzkeController#netzke as CSS
Rendered text template (0.0ms)
Completed 200 OK in 5ms (Views: 3.6ms | ActiveRecord: 0.0ms)


Started GET "/netzke/netzke.js" for 127.0.0.1 at 2010-12-06 16:15:10 -0500
  Processing by NetzkeController#netzke as JS
Rendered text template (0.0ms)
Completed 200 OK in 6ms (Views: 1.3ms | ActiveRecord: 0.0ms)


Started GET "/" for 127.0.0.1 at 2010-12-06 16:16:03 -0500
  Processing by HomeController#show as HTML
Rendered home/show.html.erb within layouts/application (62.3ms)
Completed 200 OK in 71ms (Views: 70.7ms | ActiveRecord: 0.0ms)


Started GET "/netzke/netzke.css" for 127.0.0.1 at 2010-12-06 16:16:03 -0500
  Processing by NetzkeController#netzke as CSS
Rendered text template (0.0ms)
Completed 200 OK in 3ms (Views: 1.4ms | ActiveRecord: 0.0ms)


Started GET "/netzke/netzke.js" for 127.0.0.1 at 2010-12-06 16:16:03 -0500
  Processing by NetzkeController#netzke as JS
Rendered text template (0.0ms)
Completed 200 OK in 7ms (Views: 1.4ms | ActiveRecord: 0.0ms)


Started GET "/" for 127.0.0.1 at 2010-12-06 16:28:56 -0500
  Processing by HomeController#show as HTML
Rendered home/show.html.erb within layouts/application (161.6ms)
Completed   in 185ms

ActionView::Template::Error (undefined method `gsub' for nil:NilClass):
    1: <%# title "RubyPhenex demo" %>
    2: <%= netzke :app_component %>
  lib/component_ext.rb:15:in `js_method'
  app/components/app_component.rb:91:in `<class:AppComponent>'
  app/components/app_component.rb:1:in `<top (required)>'
  app/views/home/show.html.erb:2:in `_app_views_home_show_html_erb___1033567519_92856190_707589764'

Rendered /home/cgoddard/.rvm/gems/ruby-1.9.2-p0/gems/actionpack-3.0.3/lib/action_dispatch/middleware/templates/rescues/_trace.erb (3.4ms)
Rendered /home/cgoddard/.rvm/gems/ruby-1.9.2-p0/gems/actionpack-3.0.3/lib/action_dispatch/middleware/templates/rescues/_request_and_response.erb (9.4ms)
Rendered /home/cgoddard/.rvm/gems/ruby-1.9.2-p0/gems/actionpack-3.0.3/lib/action_dispatch/middleware/templates/rescues/template_error.erb within rescues/layout (44.4ms)


Started GET "/" for 127.0.0.1 at 2010-12-06 16:29:25 -0500
  Processing by HomeController#show as HTML
Rendered home/show.html.erb within layouts/application (65.3ms)
Completed 200 OK in 79ms (Views: 75.2ms | ActiveRecord: 0.0ms)


Started GET "/netzke/netzke.css" for 127.0.0.1 at 2010-12-06 16:29:25 -0500
  Processing by NetzkeController#netzke as CSS
Rendered text template (0.0ms)
Completed 200 OK in 11ms (Views: 9.8ms | ActiveRecord: 0.0ms)


Started GET "/netzke/netzke.js" for 127.0.0.1 at 2010-12-06 16:29:26 -0500
  Processing by NetzkeController#netzke as JS
Rendered text template (0.0ms)
Completed 200 OK in 16ms (Views: 2.0ms | ActiveRecord: 0.0ms)


Started GET "/" for 127.0.0.1 at 2010-12-06 16:29:33 -0500
  Processing by HomeController#show as HTML
Rendered home/show.html.erb within layouts/application (71.0ms)
Completed 200 OK in 85ms (Views: 84.4ms | ActiveRecord: 0.0ms)


Started GET "/netzke/netzke.css" for 127.0.0.1 at 2010-12-06 16:29:34 -0500
  Processing by NetzkeController#netzke as CSS
Rendered text template (0.0ms)
Completed 200 OK in 3ms (Views: 1.5ms | ActiveRecord: 0.0ms)


Started GET "/netzke/netzke.js" for 127.0.0.1 at 2010-12-06 16:29:34 -0500
  Processing by NetzkeController#netzke as JS
Rendered text template (0.0ms)
Completed 200 OK in 10ms (Views: 5.3ms | ActiveRecord: 0.0ms)


Started GET "/" for 127.0.0.1 at 2010-12-06 16:31:36 -0500
  Processing by HomeController#show as HTML
Rendered home/show.html.erb within layouts/application (72.5ms)
Completed 200 OK in 85ms (Views: 84.5ms | ActiveRecord: 0.0ms)


Started GET "/netzke/netzke.css" for 127.0.0.1 at 2010-12-06 16:31:36 -0500
  Processing by NetzkeController#netzke as CSS
Rendered text template (0.0ms)
Completed 200 OK in 8ms (Views: 6.1ms | ActiveRecord: 0.0ms)


Started GET "/netzke/netzke.js" for 127.0.0.1 at 2010-12-06 16:31:36 -0500
  Processing by NetzkeController#netzke as JS
Rendered text template (0.0ms)
Completed 200 OK in 4ms (Views: 1.4ms | ActiveRecord: 0.0ms)


Started GET "/" for 127.0.0.1 at 2010-12-06 16:32:01 -0500
  Processing by HomeController#show as HTML
Rendered home/show.html.erb within layouts/application (54.9ms)
Completed   in 67ms

ActionView::Template::Error (/home/cgoddard/Working_copies/ruby_phenex/app/components/app_component.rb:54: syntax error, unexpected tIDENTIFIER, expecting '}'
                children: [
                        ^
/home/cgoddard/Working_copies/ruby_phenex/app/components/app_component.rb:62: syntax error, unexpected '}', expecting keyword_end
              },
               ^
/home/cgoddard/Working_copies/ruby_phenex/app/components/app_component.rb:66: syntax error, unexpected '}', expecting keyword_end
            },{
             ^
/home/cgoddard/Working_copies/ruby_phenex/app/components/app_component.rb:76: syntax error, unexpected ']', expecting keyword_end
/home/cgoddard/Working_copies/ruby_phenex/app/components/app_component.rb:160: syntax error, unexpected $end, expecting keyword_end):
    1: <%# title "RubyPhenex demo" %>
    2: <%= netzke :app_component %>
  app/views/home/show.html.erb:2:in `_app_views_home_show_html_erb___1033567519_93568720_707589764'

Rendered /home/cgoddard/.rvm/gems/ruby-1.9.2-p0/gems/actionpack-3.0.3/lib/action_dispatch/middleware/templates/rescues/_trace.erb (6.9ms)
Rendered /home/cgoddard/.rvm/gems/ruby-1.9.2-p0/gems/actionpack-3.0.3/lib/action_dispatch/middleware/templates/rescues/_request_and_response.erb (10.1ms)
Rendered /home/cgoddard/.rvm/gems/ruby-1.9.2-p0/gems/actionpack-3.0.3/lib/action_dispatch/middleware/templates/rescues/template_error.erb within rescues/layout (41.7ms)


Started GET "/" for 127.0.0.1 at 2010-12-06 16:32:15 -0500
  Processing by HomeController#show as HTML
Rendered home/show.html.erb within layouts/application (97.8ms)
Completed 200 OK in 114ms (Views: 113.0ms | ActiveRecord: 0.0ms)


Started GET "/netzke/netzke.js" for 127.0.0.1 at 2010-12-06 16:32:15 -0500
  Processing by NetzkeController#netzke as JS
Rendered text template (0.0ms)
Completed 200 OK in 3ms (Views: 1.6ms | ActiveRecord: 0.0ms)


Started GET "/netzke/netzke.css" for 127.0.0.1 at 2010-12-06 16:32:15 -0500
  Processing by NetzkeController#netzke as CSS
Rendered text template (0.0ms)
Completed 200 OK in 3ms (Views: 1.7ms | ActiveRecord: 0.0ms)


Started GET "/" for 127.0.0.1 at 2010-12-06 16:32:45 -0500
  Processing by HomeController#show as HTML
Rendered home/show.html.erb within layouts/application (87.7ms)
Completed 200 OK in 101ms (Views: 100.5ms | ActiveRecord: 0.0ms)


Started GET "/netzke/netzke.css" for 127.0.0.1 at 2010-12-06 16:32:45 -0500
  Processing by NetzkeController#netzke as CSS
Rendered text template (0.0ms)
Completed 200 OK in 7ms (Views: 1.5ms | ActiveRecord: 0.0ms)


Started GET "/netzke/netzke.js" for 127.0.0.1 at 2010-12-06 16:32:46 -0500
  Processing by NetzkeController#netzke as JS
Rendered text template (0.0ms)
Completed 200 OK in 6ms (Views: 3.9ms | ActiveRecord: 0.0ms)


Started GET "/" for 127.0.0.1 at 2010-12-06 16:36:34 -0500
  Processing by HomeController#show as HTML
Rendered home/show.html.erb within layouts/application (69.4ms)
Completed   in 82ms

ActionView::Template::Error (undefined method `gsub' for nil:NilClass):
    1: <%# title "RubyPhenex demo" %>
    2: <%= netzke :app_component %>
  lib/component_ext.rb:15:in `js_method'
  app/components/app_component.rb:94:in `<class:AppComponent>'
  app/components/app_component.rb:1:in `<top (required)>'
  app/views/home/show.html.erb:2:in `_app_views_home_show_html_erb___1033567519_93509730_707589764'

Rendered /home/cgoddard/.rvm/gems/ruby-1.9.2-p0/gems/actionpack-3.0.3/lib/action_dispatch/middleware/templates/rescues/_trace.erb (2.3ms)
Rendered /home/cgoddard/.rvm/gems/ruby-1.9.2-p0/gems/actionpack-3.0.3/lib/action_dispatch/middleware/templates/rescues/_request_and_response.erb (7.3ms)
Rendered /home/cgoddard/.rvm/gems/ruby-1.9.2-p0/gems/actionpack-3.0.3/lib/action_dispatch/middleware/templates/rescues/template_error.erb within rescues/layout (19.9ms)


Started GET "/" for 127.0.0.1 at 2010-12-06 16:36:55 -0500
  Processing by HomeController#show as HTML
Rendered home/show.html.erb within layouts/application (50.5ms)
Completed   in 61ms

ActionView::Template::Error (undefined method `gsub' for nil:NilClass):
    1: <%# title "RubyPhenex demo" %>
    2: <%= netzke :app_component %>
  lib/component_ext.rb:15:in `js_method'
  app/components/app_component.rb:94:in `<class:AppComponent>'
  app/components/app_component.rb:1:in `<top (required)>'
  app/views/home/show.html.erb:2:in `_app_views_home_show_html_erb___1033567519_90812580_707589764'

Rendered /home/cgoddard/.rvm/gems/ruby-1.9.2-p0/gems/actionpack-3.0.3/lib/action_dispatch/middleware/templates/rescues/_trace.erb (3.0ms)
Rendered /home/cgoddard/.rvm/gems/ruby-1.9.2-p0/gems/actionpack-3.0.3/lib/action_dispatch/middleware/templates/rescues/_request_and_response.erb (6.9ms)
Rendered /home/cgoddard/.rvm/gems/ruby-1.9.2-p0/gems/actionpack-3.0.3/lib/action_dispatch/middleware/templates/rescues/template_error.erb within rescues/layout (20.2ms)


Started GET "/" for 127.0.0.1 at 2010-12-06 16:37:20 -0500
  Processing by HomeController#show as HTML
Rendered home/show.html.erb within layouts/application (62.5ms)
Completed 200 OK in 75ms (Views: 74.6ms | ActiveRecord: 0.0ms)


Started GET "/netzke/netzke.js" for 127.0.0.1 at 2010-12-06 16:37:20 -0500
  Processing by NetzkeController#netzke as JS
Rendered text template (0.0ms)
Completed 200 OK in 12ms (Views: 1.7ms | ActiveRecord: 0.0ms)


Started GET "/netzke/netzke.css" for 127.0.0.1 at 2010-12-06 16:37:21 -0500
  Processing by NetzkeController#netzke as CSS
Rendered text template (0.0ms)
Completed 200 OK in 3ms (Views: 1.4ms | ActiveRecord: 0.0ms)


Started GET "/" for 127.0.0.1 at 2010-12-06 16:37:31 -0500
  Processing by HomeController#show as HTML
Rendered home/show.html.erb within layouts/application (73.9ms)
Completed 200 OK in 88ms (Views: 87.5ms | ActiveRecord: 0.0ms)


Started GET "/netzke/netzke.css" for 127.0.0.1 at 2010-12-06 16:37:31 -0500
  Processing by NetzkeController#netzke as CSS
Rendered text template (0.0ms)
Completed 200 OK in 4ms (Views: 1.5ms | ActiveRecord: 0.0ms)


Started GET "/netzke/netzke.js" for 127.0.0.1 at 2010-12-06 16:37:32 -0500
  Processing by NetzkeController#netzke as JS
Rendered text template (0.0ms)
Completed 200 OK in 6ms (Views: 4.7ms | ActiveRecord: 0.0ms)


Started GET "/" for 127.0.0.1 at 2010-12-06 16:38:02 -0500
  Processing by HomeController#show as HTML
Rendered home/show.html.erb within layouts/application (66.9ms)
Completed 200 OK in 82ms (Views: 81.0ms | ActiveRecord: 0.0ms)


Started GET "/netzke/netzke.css" for 127.0.0.1 at 2010-12-06 16:38:02 -0500
  Processing by NetzkeController#netzke as CSS
Rendered text template (0.0ms)
Completed 200 OK in 3ms (Views: 1.9ms | ActiveRecord: 0.0ms)


Started GET "/netzke/netzke.js" for 127.0.0.1 at 2010-12-06 16:38:02 -0500
  Processing by NetzkeController#netzke as JS
Rendered text template (0.0ms)
Completed 200 OK in 7ms (Views: 5.4ms | ActiveRecord: 0.0ms)


Started GET "/" for 127.0.0.1 at 2010-12-06 16:39:38 -0500
  Processing by HomeController#show as HTML
Rendered home/show.html.erb within layouts/application (115.7ms)
Completed 200 OK in 125ms (Views: 124.3ms | ActiveRecord: 0.0ms)


Started GET "/netzke/netzke.js" for 127.0.0.1 at 2010-12-06 16:39:39 -0500
  Processing by NetzkeController#netzke as JS
Rendered text template (0.0ms)
Completed 200 OK in 29ms (Views: 1.6ms | ActiveRecord: 0.0ms)


Started GET "/netzke/netzke.css" for 127.0.0.1 at 2010-12-06 16:39:39 -0500
  Processing by NetzkeController#netzke as CSS
Rendered text template (0.0ms)
Completed 200 OK in 9ms (Views: 1.5ms | ActiveRecord: 0.0ms)


Started GET "/" for 127.0.0.1 at 2010-12-06 16:51:08 -0500
  Processing by HomeController#show as HTML
Rendered home/show.html.erb within layouts/application (266.0ms)
Completed 200 OK in 293ms (Views: 291.9ms | ActiveRecord: 0.0ms)


Started GET "/netzke/netzke.css" for 127.0.0.1 at 2010-12-06 16:51:09 -0500
  Processing by NetzkeController#netzke as CSS
Rendered text template (0.0ms)
Completed 200 OK in 4ms (Views: 3.3ms | ActiveRecord: 0.0ms)


Started GET "/netzke/netzke.js" for 127.0.0.1 at 2010-12-06 16:51:09 -0500
  Processing by NetzkeController#netzke as JS
Rendered text template (0.0ms)
Completed 200 OK in 3ms (Views: 1.3ms | ActiveRecord: 0.0ms)


Started GET "/" for 127.0.0.1 at 2010-12-06 16:51:57 -0500
  Processing by HomeController#show as HTML
Rendered home/show.html.erb within layouts/application (67.4ms)
Completed 200 OK in 138ms (Views: 137.2ms | ActiveRecord: 0.0ms)


Started GET "/netzke/netzke.css" for 127.0.0.1 at 2010-12-06 16:51:58 -0500
  Processing by NetzkeController#netzke as CSS
Rendered text template (0.0ms)
Completed 200 OK in 3ms (Views: 1.3ms | ActiveRecord: 0.0ms)


Started GET "/netzke/netzke.js" for 127.0.0.1 at 2010-12-06 16:51:58 -0500
  Processing by NetzkeController#netzke as JS
Rendered text template (0.0ms)
Completed 200 OK in 8ms (Views: 1.5ms | ActiveRecord: 0.0ms)


Started GET "/" for 127.0.0.1 at 2010-12-06 16:53:04 -0500
  Processing by HomeController#show as HTML
Rendered home/show.html.erb within layouts/application (62.2ms)
Completed 200 OK in 77ms (Views: 75.8ms | ActiveRecord: 0.0ms)


Started GET "/netzke/netzke.css" for 127.0.0.1 at 2010-12-06 16:53:05 -0500
  Processing by NetzkeController#netzke as CSS
Rendered text template (0.0ms)
Completed 200 OK in 8ms (Views: 6.4ms | ActiveRecord: 0.0ms)


Started GET "/netzke/netzke.js" for 127.0.0.1 at 2010-12-06 16:53:05 -0500
  Processing by NetzkeController#netzke as JS
Rendered text template (0.0ms)
Completed 200 OK in 3ms (Views: 1.4ms | ActiveRecord: 0.0ms)


Started GET "/" for 127.0.0.1 at 2010-12-06 17:01:56 -0500
  Processing by HomeController#show as HTML
Rendered home/show.html.erb within layouts/application (35.4ms)
Completed   in 45ms

ActionView::Template::Error (undefined method `js_method' for #<AppComponent:0xb1c0150>):
    1: <%# title "RubyPhenex demo" %>
    2: <%= netzke :app_component %>
  app/components/app_component.rb:64:in `block in <class:AppComponent>'
  app/components/app_component.rb:104:in `initialize'
  app/views/home/show.html.erb:2:in `_app_views_home_show_html_erb___1033567519_93855930_707589764'

Rendered /home/cgoddard/.rvm/gems/ruby-1.9.2-p0/gems/actionpack-3.0.3/lib/action_dispatch/middleware/templates/rescues/_trace.erb (4.3ms)
Rendered /home/cgoddard/.rvm/gems/ruby-1.9.2-p0/gems/actionpack-3.0.3/lib/action_dispatch/middleware/templates/rescues/_request_and_response.erb (6.7ms)
Rendered /home/cgoddard/.rvm/gems/ruby-1.9.2-p0/gems/actionpack-3.0.3/lib/action_dispatch/middleware/templates/rescues/template_error.erb within rescues/layout (22.9ms)


Started GET "/" for 127.0.0.1 at 2010-12-06 17:02:55 -0500
  Processing by HomeController#show as HTML
Rendered home/show.html.erb within layouts/application (30.0ms)
Completed   in 39ms

ActionView::Template::Error (/home/cgoddard/Working_copies/ruby_phenex/lib/component_ext.rb:44: syntax error, unexpected keyword_end, expecting $end):
    1: <%# title "RubyPhenex demo" %>
    2: <%= netzke :app_component %>
  app/components/app_component.rb:2:in `<class:AppComponent>'
  app/components/app_component.rb:1:in `<top (required)>'
  app/views/home/show.html.erb:2:in `_app_views_home_show_html_erb___1033567519_90767980_707589764'

Rendered /home/cgoddard/.rvm/gems/ruby-1.9.2-p0/gems/actionpack-3.0.3/lib/action_dispatch/middleware/templates/rescues/_trace.erb (2.6ms)
Rendered /home/cgoddard/.rvm/gems/ruby-1.9.2-p0/gems/actionpack-3.0.3/lib/action_dispatch/middleware/templates/rescues/_request_and_response.erb (9.9ms)
Rendered /home/cgoddard/.rvm/gems/ruby-1.9.2-p0/gems/actionpack-3.0.3/lib/action_dispatch/middleware/templates/rescues/template_error.erb within rescues/layout (22.6ms)


Started GET "/" for 127.0.0.1 at 2010-12-06 17:03:08 -0500
  Processing by HomeController#show as HTML
Rendered home/show.html.erb within layouts/application (75.8ms)
Completed   in 96ms

ActionView::Template::Error (wrong number of arguments (1 for 0)):
    1: <%# title "RubyPhenex demo" %>
    2: <%= netzke :app_component %>
  lib/component_ext.rb:37:in `js_method'
  app/components/app_component.rb:64:in `block in <class:AppComponent>'
  app/components/app_component.rb:104:in `initialize'
  app/views/home/show.html.erb:2:in `_app_views_home_show_html_erb___1033567519_82164930_707589764'

Rendered /home/cgoddard/.rvm/gems/ruby-1.9.2-p0/gems/actionpack-3.0.3/lib/action_dispatch/middleware/templates/rescues/_trace.erb (6.8ms)
Rendered /home/cgoddard/.rvm/gems/ruby-1.9.2-p0/gems/actionpack-3.0.3/lib/action_dispatch/middleware/templates/rescues/_request_and_response.erb (16.5ms)
Rendered /home/cgoddard/.rvm/gems/ruby-1.9.2-p0/gems/actionpack-3.0.3/lib/action_dispatch/middleware/templates/rescues/template_error.erb within rescues/layout (43.7ms)


Started GET "/" for 127.0.0.1 at 2010-12-06 17:03:20 -0500
  Processing by HomeController#show as HTML


Started GET "/" for 127.0.0.1 at 2010-12-06 17:06:26 -0500
  [1m[36mSQL (91.5ms)[0m  [1mSHOW client_min_messages[0m
  [1m[35mSQL (1.0ms)[0m  SET client_min_messages TO 'panic'
  [1m[36mSQL (0.2ms)[0m  [1mSET standard_conforming_strings = on[0m
  [1m[35mSQL (0.2ms)[0m  SET client_min_messages TO 'notice'
  [1m[36mSQL (93.5ms)[0m  [1mSET time zone 'UTC'[0m
  [1m[35mSQL (0.3ms)[0m  SHOW TIME ZONE
  Processing by HomeController#show as HTML
Rendered home/show.html.erb within layouts/application (61.1ms)
Completed 200 OK in 70ms (Views: 68.6ms | ActiveRecord: 186.6ms)


Started GET "/netzke/netzke.css" for 127.0.0.1 at 2010-12-06 17:06:27 -0500
  Processing by NetzkeController#netzke as CSS
Rendered text template (0.0ms)
Completed 200 OK in 85ms (Views: 83.3ms | ActiveRecord: 0.0ms)


Started GET "/netzke/netzke.js" for 127.0.0.1 at 2010-12-06 17:06:28 -0500
  Processing by NetzkeController#netzke as JS
Rendered text template (0.0ms)
Completed 200 OK in 6ms (Views: 1.4ms | ActiveRecord: 0.0ms)


Started GET "/" for 127.0.0.1 at 2010-12-06 17:08:31 -0500
  Processing by HomeController#show as HTML
Rendered home/show.html.erb within layouts/application (183.4ms)
Completed 200 OK in 193ms (Views: 192.6ms | ActiveRecord: 0.0ms)


Started GET "/netzke/netzke.js" for 127.0.0.1 at 2010-12-06 17:08:32 -0500
  Processing by NetzkeController#netzke as JS
Rendered text template (0.0ms)
Completed 200 OK in 3ms (Views: 1.5ms | ActiveRecord: 0.0ms)


Started GET "/netzke/netzke.css" for 127.0.0.1 at 2010-12-06 17:08:32 -0500
  Processing by NetzkeController#netzke as CSS
Rendered text template (0.0ms)
Completed 200 OK in 5ms (Views: 3.3ms | ActiveRecord: 0.0ms)


Started GET "/" for 127.0.0.1 at 2010-12-06 17:24:54 -0500
  Processing by HomeController#show as HTML
Rendered home/show.html.erb within layouts/application (126.8ms)
Completed 200 OK in 135ms (Views: 134.4ms | ActiveRecord: 0.0ms)


Started GET "/netzke/netzke.css" for 127.0.0.1 at 2010-12-06 17:24:54 -0500
  Processing by NetzkeController#netzke as CSS
Rendered text template (0.0ms)
Completed 200 OK in 4ms (Views: 1.5ms | ActiveRecord: 0.0ms)


Started GET "/netzke/netzke.js" for 127.0.0.1 at 2010-12-06 17:24:54 -0500
  Processing by NetzkeController#netzke as JS
Rendered text template (1.7ms)
Completed 200 OK in 8ms (Views: 3.2ms | ActiveRecord: 0.0ms)


Started GET "/" for 127.0.0.1 at 2010-12-06 17:59:47 -0500
  Processing by HomeController#show as HTML
Rendered home/show.html.erb within layouts/application (120.8ms)
Completed 200 OK in 129ms (Views: 128.3ms | ActiveRecord: 0.0ms)


Started GET "/netzke/netzke.css" for 127.0.0.1 at 2010-12-06 17:59:47 -0500
  Processing by NetzkeController#netzke as CSS
Rendered text template (0.0ms)
Completed 200 OK in 45ms (Views: 1.6ms | ActiveRecord: 0.0ms)


Started GET "/netzke/netzke.js" for 127.0.0.1 at 2010-12-06 17:59:48 -0500
  Processing by NetzkeController#netzke as JS
Rendered text template (0.0ms)
Completed 200 OK in 3ms (Views: 1.4ms | ActiveRecord: 0.0ms)


Started GET "/" for 127.0.0.1 at 2010-12-06 18:02:42 -0500
  Processing by HomeController#show as HTML
Rendered home/show.html.erb within layouts/application (83.9ms)
Completed 200 OK in 96ms (Views: 95.2ms | ActiveRecord: 0.0ms)


Started GET "/netzke/netzke.css" for 127.0.0.1 at 2010-12-06 18:02:43 -0500
  Processing by NetzkeController#netzke as CSS
Rendered text template (0.0ms)
Completed 200 OK in 2ms (Views: 1.3ms | ActiveRecord: 0.0ms)


Started GET "/netzke/netzke.js" for 127.0.0.1 at 2010-12-06 18:02:43 -0500
  Processing by NetzkeController#netzke as JS
Rendered text template (0.0ms)
Completed 200 OK in 5ms (Views: 3.0ms | ActiveRecord: 0.0ms)


Started GET "/" for 127.0.0.1 at 2010-12-06 18:03:34 -0500
  Processing by HomeController#show as HTML
Rendered home/show.html.erb within layouts/application (59.8ms)
Completed 200 OK in 69ms (Views: 68.3ms | ActiveRecord: 0.0ms)


Started GET "/netzke/netzke.css" for 127.0.0.1 at 2010-12-06 18:03:34 -0500
  Processing by NetzkeController#netzke as CSS
Rendered text template (0.0ms)
Completed 200 OK in 6ms (Views: 5.0ms | ActiveRecord: 0.0ms)


Started GET "/netzke/netzke.js" for 127.0.0.1 at 2010-12-06 18:03:35 -0500
  Processing by NetzkeController#netzke as JS
Rendered text template (0.0ms)
Completed 200 OK in 6ms (Views: 1.4ms | ActiveRecord: 0.0ms)


Started GET "/" for 127.0.0.1 at 2010-12-06 18:04:12 -0500
  Processing by HomeController#show as HTML
Rendered home/show.html.erb within layouts/application (212.7ms)
Completed 200 OK in 222ms (Views: 220.6ms | ActiveRecord: 0.0ms)


Started GET "/netzke/netzke.css" for 127.0.0.1 at 2010-12-06 18:04:12 -0500
  Processing by NetzkeController#netzke as CSS
Rendered text template (0.0ms)
Completed 200 OK in 7ms (Views: 1.4ms | ActiveRecord: 0.0ms)


Started GET "/netzke/netzke.js" for 127.0.0.1 at 2010-12-06 18:04:12 -0500
  Processing by NetzkeController#netzke as JS
Rendered text template (0.0ms)
Completed 200 OK in 9ms (Views: 6.0ms | ActiveRecord: 0.0ms)


Started GET "/" for 127.0.0.1 at 2010-12-06 18:04:58 -0500
  Processing by HomeController#show as HTML
Rendered home/show.html.erb within layouts/application (113.6ms)
Completed 200 OK in 131ms (Views: 129.7ms | ActiveRecord: 0.0ms)


Started GET "/netzke/netzke.js" for 127.0.0.1 at 2010-12-06 18:04:58 -0500
  Processing by NetzkeController#netzke as JS
Rendered text template (0.0ms)
Completed 200 OK in 6ms (Views: 5.0ms | ActiveRecord: 0.0ms)


Started GET "/netzke/netzke.css" for 127.0.0.1 at 2010-12-06 18:04:58 -0500
  Processing by NetzkeController#netzke as CSS
Rendered text template (0.0ms)
Completed 200 OK in 5ms (Views: 1.4ms | ActiveRecord: 0.0ms)


Started GET "/" for 127.0.0.1 at 2010-12-06 18:24:55 -0500
  Processing by HomeController#show as HTML
Rendered home/show.html.erb within layouts/application (224.4ms)
Completed   in 234ms

ActionView::Template::Error (undefined method `gsub' for nil:NilClass):
    1: <%# title "RubyPhenex demo" %>
    2: <%= netzke :app_component %>
  lib/component_ext.rb:17:in `js_method'
  app/components/app_component.rb:82:in `<class:AppComponent>'
  app/components/app_component.rb:1:in `<top (required)>'
  app/views/home/show.html.erb:2:in `_app_views_home_show_html_erb__1019056433_90377050__1016850801'

Rendered /home/cgoddard/.rvm/gems/ruby-1.9.2-p0/gems/actionpack-3.0.3/lib/action_dispatch/middleware/templates/rescues/_trace.erb (5.0ms)
Rendered /home/cgoddard/.rvm/gems/ruby-1.9.2-p0/gems/actionpack-3.0.3/lib/action_dispatch/middleware/templates/rescues/_request_and_response.erb (11.4ms)
Rendered /home/cgoddard/.rvm/gems/ruby-1.9.2-p0/gems/actionpack-3.0.3/lib/action_dispatch/middleware/templates/rescues/template_error.erb within rescues/layout (28.6ms)


Started GET "/" for 127.0.0.1 at 2010-12-06 18:26:34 -0500
  Processing by HomeController#show as HTML
Rendered home/show.html.erb within layouts/application (4253.0ms)
Completed   in 4268ms

ActionView::Template::Error (undefined method `gsub' for nil:NilClass):
    1: <%# title "RubyPhenex demo" %>
    2: <%= netzke :app_component %>
  lib/component_ext.rb:18:in `js_method'
  app/components/app_component.rb:82:in `<class:AppComponent>'
  app/components/app_component.rb:1:in `<top (required)>'
  app/views/home/show.html.erb:2:in `_app_views_home_show_html_erb__1019056433_87131470__1016850801'

Rendered /home/cgoddard/.rvm/gems/ruby-1.9.2-p0/gems/actionpack-3.0.3/lib/action_dispatch/middleware/templates/rescues/_trace.erb (2.9ms)
Rendered /home/cgoddard/.rvm/gems/ruby-1.9.2-p0/gems/actionpack-3.0.3/lib/action_dispatch/middleware/templates/rescues/_request_and_response.erb (10.6ms)
Rendered /home/cgoddard/.rvm/gems/ruby-1.9.2-p0/gems/actionpack-3.0.3/lib/action_dispatch/middleware/templates/rescues/template_error.erb within rescues/layout (20.4ms)


Started GET "/" for 127.0.0.1 at 2010-12-06 18:26:40 -0500
  Processing by HomeController#show as HTML


Started GET "/" for 127.0.0.1 at 2010-12-06 18:27:54 -0500
  [1m[36mSQL (88.6ms)[0m  [1mSHOW client_min_messages[0m
  [1m[35mSQL (1.0ms)[0m  SET client_min_messages TO 'panic'
  [1m[36mSQL (0.2ms)[0m  [1mSET standard_conforming_strings = on[0m
  [1m[35mSQL (0.2ms)[0m  SET client_min_messages TO 'notice'
  [1m[36mSQL (48.1ms)[0m  [1mSET time zone 'UTC'[0m
  [1m[35mSQL (0.7ms)[0m  SHOW TIME ZONE
  Processing by HomeController#show as HTML
Rendered home/show.html.erb within layouts/application (53.9ms)
Completed 200 OK in 65ms (Views: 64.4ms | ActiveRecord: 138.9ms)


Started GET "/netzke/netzke.css" for 127.0.0.1 at 2010-12-06 18:27:55 -0500
  Processing by NetzkeController#netzke as CSS
Rendered text template (0.0ms)
Completed 200 OK in 66ms (Views: 64.3ms | ActiveRecord: 0.0ms)


Started GET "/netzke/netzke.js" for 127.0.0.1 at 2010-12-06 18:27:55 -0500
  Processing by NetzkeController#netzke as JS
Rendered text template (0.0ms)
Completed 200 OK in 3ms (Views: 1.4ms | ActiveRecord: 0.0ms)


Started GET "/" for 127.0.0.1 at 2010-12-06 18:32:33 -0500
  Processing by HomeController#show as HTML
Rendered home/show.html.erb within layouts/application (59.2ms)
Completed 200 OK in 93ms (Views: 91.8ms | ActiveRecord: 0.0ms)


Started GET "/netzke/netzke.css" for 127.0.0.1 at 2010-12-06 18:32:34 -0500
  Processing by NetzkeController#netzke as CSS
Rendered text template (0.0ms)
Completed 200 OK in 7ms (Views: 5.6ms | ActiveRecord: 0.0ms)


Started GET "/netzke/netzke.js" for 127.0.0.1 at 2010-12-06 18:32:34 -0500
  Processing by NetzkeController#netzke as JS
Rendered text template (0.0ms)
Completed 200 OK in 4ms (Views: 2.7ms | ActiveRecord: 0.0ms)


Started GET "/" for 127.0.0.1 at 2010-12-06 18:34:24 -0500
  Processing by HomeController#show as HTML
Rendered home/show.html.erb within layouts/application (55.4ms)
Completed 200 OK in 69ms (Views: 67.9ms | ActiveRecord: 0.0ms)


Started GET "/netzke/netzke.css" for 127.0.0.1 at 2010-12-06 18:34:24 -0500
  Processing by NetzkeController#netzke as CSS
Rendered text template (0.0ms)
Completed 200 OK in 3ms (Views: 1.4ms | ActiveRecord: 0.0ms)


Started GET "/netzke/netzke.js" for 127.0.0.1 at 2010-12-06 18:34:25 -0500
  Processing by NetzkeController#netzke as JS
Rendered text template (0.0ms)
Completed 200 OK in 3ms (Views: 1.3ms | ActiveRecord: 0.0ms)


Started GET "/" for 127.0.0.1 at 2010-12-06 18:34:40 -0500
  Processing by HomeController#show as HTML
Rendered home/show.html.erb within layouts/application (61.9ms)
Completed 200 OK in 71ms (Views: 69.6ms | ActiveRecord: 0.0ms)


Started GET "/netzke/netzke.css" for 127.0.0.1 at 2010-12-06 18:34:40 -0500
  Processing by NetzkeController#netzke as CSS
Rendered text template (0.0ms)
Completed 200 OK in 3ms (Views: 1.5ms | ActiveRecord: 0.0ms)


Started GET "/netzke/netzke.js" for 127.0.0.1 at 2010-12-06 18:34:41 -0500
  Processing by NetzkeController#netzke as JS
Rendered text template (0.0ms)
Completed 200 OK in 7ms (Views: 5.4ms | ActiveRecord: 0.0ms)


Started GET "/" for 127.0.0.1 at 2010-12-06 18:35:14 -0500
  Processing by HomeController#show as HTML
Rendered home/show.html.erb within layouts/application (129.0ms)
Completed 200 OK in 142ms (Views: 137.9ms | ActiveRecord: 0.0ms)


Started GET "/netzke/netzke.css" for 127.0.0.1 at 2010-12-06 18:35:14 -0500
  Processing by NetzkeController#netzke as CSS
Rendered text template (0.0ms)
Completed 200 OK in 7ms (Views: 1.4ms | ActiveRecord: 0.0ms)


Started GET "/netzke/netzke.js" for 127.0.0.1 at 2010-12-06 18:35:14 -0500
  Processing by NetzkeController#netzke as JS
Rendered text template (0.0ms)
Completed 200 OK in 6ms (Views: 4.3ms | ActiveRecord: 0.0ms)


Started GET "/" for 127.0.0.1 at 2010-12-06 18:36:47 -0500
  Processing by HomeController#show as HTML
Rendered home/show.html.erb within layouts/application (60.4ms)
Completed 200 OK in 74ms (Views: 73.1ms | ActiveRecord: 0.0ms)


Started GET "/netzke/netzke.css" for 127.0.0.1 at 2010-12-06 18:36:48 -0500
  Processing by NetzkeController#netzke as CSS
Rendered text template (0.0ms)
Completed 200 OK in 8ms (Views: 6.7ms | ActiveRecord: 0.0ms)


Started GET "/netzke/netzke.js" for 127.0.0.1 at 2010-12-06 18:36:48 -0500
  Processing by NetzkeController#netzke as JS
Rendered text template (0.0ms)
Completed 200 OK in 3ms (Views: 1.3ms | ActiveRecord: 0.0ms)


Started GET "/" for 127.0.0.1 at 2010-12-06 18:39:14 -0500
  Processing by HomeController#show as HTML
Rendered home/show.html.erb within layouts/application (54.1ms)
Completed 200 OK in 67ms (Views: 65.7ms | ActiveRecord: 0.0ms)


Started GET "/netzke/netzke.css" for 127.0.0.1 at 2010-12-06 18:39:14 -0500
  Processing by NetzkeController#netzke as CSS
Rendered text template (0.0ms)
Completed 200 OK in 8ms (Views: 6.8ms | ActiveRecord: 0.0ms)


Started GET "/netzke/netzke.js" for 127.0.0.1 at 2010-12-06 18:39:14 -0500
  Processing by NetzkeController#netzke as JS
Rendered text template (0.0ms)
Completed 200 OK in 6ms (Views: 4.4ms | ActiveRecord: 0.0ms)


Started GET "/" for 127.0.0.1 at 2010-12-06 18:39:51 -0500
  Processing by HomeController#show as HTML
Rendered home/show.html.erb within layouts/application (119.1ms)
Completed 200 OK in 131ms (Views: 130.3ms | ActiveRecord: 0.0ms)


Started GET "/netzke/netzke.css" for 127.0.0.1 at 2010-12-06 18:39:52 -0500
  Processing by NetzkeController#netzke as CSS
Rendered text template (0.0ms)
Completed 200 OK in 6ms (Views: 1.4ms | ActiveRecord: 0.0ms)


Started GET "/netzke/netzke.js" for 127.0.0.1 at 2010-12-06 18:39:52 -0500
  Processing by NetzkeController#netzke as JS
Rendered text template (0.0ms)
Completed 200 OK in 3ms (Views: 1.3ms | ActiveRecord: 0.0ms)


Started GET "/" for 127.0.0.1 at 2010-12-06 18:42:37 -0500
  Processing by HomeController#show as HTML
Rendered home/show.html.erb within layouts/application (58.4ms)
Completed 200 OK in 76ms (Views: 75.6ms | ActiveRecord: 0.0ms)


Started GET "/netzke/netzke.css" for 127.0.0.1 at 2010-12-06 18:42:37 -0500
  Processing by NetzkeController#netzke as CSS
Rendered text template (0.0ms)
Completed 200 OK in 6ms (Views: 4.2ms | ActiveRecord: 0.0ms)


Started GET "/netzke/netzke.js" for 127.0.0.1 at 2010-12-06 18:42:37 -0500
  Processing by NetzkeController#netzke as JS
Rendered text template (0.0ms)
Completed 200 OK in 98ms (Views: 96.8ms | ActiveRecord: 0.0ms)


Started GET "/" for 127.0.0.1 at 2010-12-06 18:43:02 -0500
  Processing by HomeController#show as HTML
Rendered home/show.html.erb within layouts/application (60.1ms)
Completed 200 OK in 73ms (Views: 72.2ms | ActiveRecord: 0.0ms)


Started GET "/netzke/netzke.css" for 127.0.0.1 at 2010-12-06 18:43:03 -0500
  Processing by NetzkeController#netzke as CSS
Rendered text template (0.0ms)
Completed 200 OK in 61ms (Views: 24.3ms | ActiveRecord: 0.0ms)


Started GET "/netzke/netzke.js" for 127.0.0.1 at 2010-12-06 18:43:04 -0500
  Processing by NetzkeController#netzke as JS
Rendered text template (0.0ms)
Completed 200 OK in 30ms (Views: 1.6ms | ActiveRecord: 0.0ms)
